1
  EQS, A STRUCTURAL EQUATION PROGRAM          MULTIVARIATE SOFTWARE, INC.
  COPYRIGHT BY P.M. BENTLER                   VERSION 6.4 (C) 1985 - 2018 (B117).


    PROGRAM CONTROL INFORMATION

     1  /TITLE                                                                          
     2  Model built by EQS 6 for Windows in Group 1                                     
     3  /SPECIFICATIONS                                                                 
     4  DATA='D:\EQS Projects\Book Chapter Project 2 Countries\sample_LMW.ess';         
     5  VARIABLES=138; CASES=501;                                                       
     6  METHOD=ML,ROBUST; ANALYSIS=COVARIANCE; MATRIX=RAW;                              
     7  /LABELS                                                                         
     8  V1=RESPNUM; V2=A1; V3=A2; V4=A3; V5=A4;                                         
     9  V6=A5; V7=A6; V8=A7; V9=A8; V10=A8R;                                            
    10  V11=A9; V12=A10; V13=A11; V14=A12; V15=A13;                                     
    11  V16=A13R; V17=A14; V18=A14R; V19=A15; V20=A16;                                  
    12  V21=A17; V22=A18; V23=A18R; V24=A19; V25=A20;                                   
    13  V26=A21; V27=A22; V28=A23; V29=A24; V30=A25R;                                   
    14  V31=A26; V32=A27; V33=A28; V34=A29; V35=A29R;                                   
    15  V36=A30; V37=A30R; V38=A31; V39=A32; V40=A33;                                   
    16  V41=A34; V42=A35; V43=A36R; V44=A37; V45=A38;                                   
    17  V46=A39; V47=A40; V48=A41; V49=A42; V50=A43R;                                   
    18  V51=A44; V52=A45; V53=A46R; V54=A47; V55=A48;                                   
    19  V56=A49R; V57=A50; V58=A51; V59=A52; V60=A52R;                                  
    20  V61=A53; V62=A54; V63=A55; V64=A56; V65=A57;                                    
    21  V66=A58; V67=A59; V68=A60; V69=A61; V70=A61R;                                   
    22  V71=A62; V72=A63; V73=A64R; V74=A65; V75=A66;                                   
    23  V76=A67; V77=A68; V78=A69; V79=A70; V80=A71;                                    
    24  V81=BAPPLG1; V82=BAPPLG2; V83=BAPPLG3; V84=BAPPLG4; V85=BAPPLG5;                
    25  V86=BAPPLG6; V87=BAPPLG7; V88=BAADG1; V89=BAADG2; V90=BAADG3;                   
    26  V91=BAADG4; V92=BAADG5; V93=BAADG6; V94=BAADG7; V95=C1;                         
    27  V96=C2; V97=C3; V98=C4; V99=C5; V100=C6;                                        
    28  V101=C7; V102=C8; V103=C9; V104=C10; V105=C11;                                  
    29  V106=C12; V107=C13; V108=C14; V109=C15; V110=C16;                               
    30  V111=C17; V112=C18; V113=C19; V114=C20; V115=C21;                               
    31  V116=C22; V117=C23; V118=C24; V119=C25; V120=C26;                               
    32  V121=C27; V122=C28; V123=C29; V124=C30; V125=C31;                               
    33  V126=C32; V127=COUNTRY; V128=E_1; V129=E_2; V130=E_3;                           
    34  V131=E_4; V132=E_5; V133=E_6; V134=E_7; V135=E_8;                               
    35  V136=E_9; V137=E_10; V138=E_11;                                                 
    36  /EQUATIONS                                                                      
    37  V2 =   1F1 + E2;                                                                
    38  V7 =   *F1 + E7;                                                                
    39  V10 =   1F3 + E10;                                                              
    40  V14 =   *F1 + E14;                                                              
    41  V17 =   1F6 + E17;                                                              
    42  V23 =   1F5 + E23;                                                              
    43  V24 =   *F1 + E24;                                                              
    44  V27 =   *F6 + E27;                                                              
    45  V30 =   *F6 + E30;                                                              
    46  V37 =   *F5 + E37;                                                              
    47  V43 =   *F3 + E43;                                                              
    48  V47 =   1F4 + E47;                                                              
    49  V53 =   *F6 + E53;                                                              
    50  V56 =   *F3 + E56;                                                              
    51  V60 =   *F5 + E60;                                                              
    52  V67 =   *F4 + E67;                                                              

    53  V69 =   *F6 + E69;                                                              
    54  V73 =   *F3 + E73;                                                              
    55  V76 =   *F4 + E76;                                                              
    56  V89 =   1F2 + E89;                                                              
    57  V90 =   *F2 + E90;                                                              
    58  V91 =   *F2 + E91;                                                              
    59  V92 =   *F2 + E92;                                                              
    60  F2 = *F1 + *F4 + *F6 + D2;                                                      
    61  F3 = *F2 + *F5 + *F6 + D3;                                                      
    62  F6 = *F4 + *F5 + D6;                                                            
    63  /VARIANCES;                                                                     
    64  D2 = *;                                                                         
    65  D3 = *;                                                                         
    66  D6 = *;                                                                         
    67   F1 = *;                                                                        
    68   F4 = *;                                                                        
    69   F5 = *;                                                                        
    70   E2 = *;                                                                        
    71   E7 = *;                                                                        
    72   E10 = *;                                                                       
    73   E14 = *;                                                                       
    74   E17 = *;                                                                       
    75   E23 = *;                                                                       
    76   E24 = *;                                                                       
    77   E27 = *;                                                                       
    78   E30 = *;                                                                       
    79   E37 = *;                                                                       
    80   E43 = *;                                                                       
    81   E47 = *;                                                                       
    82   E53 = *;                                                                       
    83   E56 = *;                                                                       
    84   E60 = *;                                                                       
    85   E67 = *;                                                                       
    86   E69 = *;                                                                       
    87   E73 = *;                                                                       
    88   E76 = *;                                                                       
    89   E89 = *;                                                                       
    90   E90 = *;                                                                       
    91   E91 = *;                                                                       
    92   E92 = *;                                                                       
    93  /COVARIANCES                                                                    
    94  F1,F4 = *;                                                                      
    95  F1,F5 = *;                                                                      
    96  F4,F5 = *;                                                                      
    97  E53,E30 = *;                                                                    
    98  /PRINT                                                                          
    99  FIT=ALL;                                                                        
   100  TABLE=EQUATION;                                                                 
   101  /OUTPUT                                                                         
   102  Parameters;                                                                     
   103  Standard Errors;                                                                
   104  RSquare;                                                                        
   105  Codebook;                                                                       
   106  Listing;                                                                        
   107  DATA='MovieWatch.ETS';                                                          
   108  /WTEST;                                                                         
   109  /LMTEST                                                                         

   110  PROCESS=SIMULTANEOUS;                                                           
   111  SET=PDD,GFF,BFF;                                                                
   112  /END                                                                            


      112 RECORDS OF INPUT MODEL FILE WERE READ


    DATA IS READ FROM D:\EQS Projects\Book Chapter Project 2 Countries\sample_LMW.ess                                                                                                                                                                                                 
    THERE ARE 139 VARIABLES AND   501 CASES
    IT IS A RAW DATA ESS FILE

 *** NOTE  *** THIS FILE CONTAINS ALPHANUMERIC VARIABLES,
               WHICH MUST NOT BE USED IN THE MODEL.

 *** WARNING ***    24 CASES ARE SKIPPED BECAUSE A VARIABLE IS MISSING--
      5    11    17    40    75    82   110   131   132   154
    169   173   188   216   224   258   276   289   294   316
    322   327   435   456


  SAMPLE STATISTICS BASED ON COMPLETE CASES


                            UNIVARIATE STATISTICS
                            ---------------------


 VARIABLE           A1         A6         A8R        A12        A14   
                  V2         V7         V10        V14        V17 
 MEAN               2.3795     2.1090     4.3270     2.1593     2.5660
 SKEWNESS (G1)      0.2227     0.5977    -1.5455     0.3848     0.3071
 KURTOSIS (G2)     -0.2334    -0.1301     1.9007    -0.5808    -0.6595
 STANDARD DEV.      0.7943     0.8939     0.9712     0.8886     1.1031


 VARIABLE           A18R       A19        A22        A25R       A30R  
                  V23        V24        V27        V30        V37 
 MEAN               3.3187     2.1279     2.8826     3.3962     2.2013
 SKEWNESS (G1)     -0.3518     0.5246     0.1646    -0.2441     0.7541
 KURTOSIS (G2)     -1.0093    -0.0683    -1.0050    -0.5346    -0.3447
 STANDARD DEV.      1.3154     0.8392     1.2531     1.0573     1.1674


 VARIABLE           A36R       A40        A46R       A49R       A52R  
                  V43        V47        V53        V56        V60 
 MEAN               4.2201     2.1761     3.4256     4.0818     3.1845
 SKEWNESS (G1)     -0.9549     0.6572    -0.3334    -0.7275    -0.3058
 KURTOSIS (G2)      0.1927    -0.6495    -0.6088    -0.0611    -0.9159
 STANDARD DEV.      0.8957     1.1661     1.1025     0.9026     1.2717


 VARIABLE           A59        A61        A64R       A67      BAADG2  
                  V67        V69        V73        V76        V89 
 MEAN               2.7400     2.6960     3.5073     3.9015     3.3208
 SKEWNESS (G1)      0.0312     0.1985    -0.3334    -0.6516    -0.4146
 KURTOSIS (G2)     -1.1408    -0.5217    -0.4313     0.4865    -0.5160
 STANDARD DEV.      1.2177     1.0836     0.9540     0.8023     1.0451


 VARIABLE         BAADG3     BAADG4     BAADG5  
                  V90        V91        V92 
 MEAN               3.2369     3.2055     3.3543
 SKEWNESS (G1)     -0.2777    -0.3179    -0.2589
 KURTOSIS (G2)     -0.3985    -0.1838    -0.7589
 STANDARD DEV.      1.0086     0.9547     1.0992


                            MULTIVARIATE KURTOSIS
                            ---------------------

   MARDIA'S COEFFICIENT (G2,P) =     47.9048
   NORMALIZED ESTIMATE =             15.4262


                     ELLIPTICAL THEORY KURTOSIS ESTIMATES
                     ------------------------------------

   MARDIA-BASED KAPPA =      0.0833 MEAN SCALED UNIVARIATE KURTOSIS =    -0.1184

   MARDIA-BASED KAPPA IS USED IN COMPUTATION. KAPPA=           0.0833


   CASE NUMBERS WITH LARGEST CONTRIBUTION TO NORMALIZED MULTIVARIATE KURTOSIS:
   ---------------------------------------------------------------------------

   CASE NUMBER       208          340          349          393          488

   ESTIMATE       700.0018     997.3190     725.2768    1206.9499    2219.1562


  COVARIANCE  MATRIX TO BE ANALYZED:    23 VARIABLES (SELECTED FROM 139 VARIABLES)
  BASED ON   477 CASES.


                       A1         A6         A8R        A12        A14   
                        V2         V7         V10        V14        V17 
     A1     V2         0.631
     A6     V7         0.314      0.799
     A8R    V10       -0.005      0.025      0.943
     A12    V14        0.391      0.384      0.038      0.790
     A14    V17       -0.068     -0.028     -0.345     -0.055      1.217
     A18R   V23        0.106      0.123      0.204      0.138     -0.345
     A19    V24        0.369      0.400      0.057      0.438     -0.058
     A22    V27       -0.119     -0.138     -0.314     -0.151      0.424
     A25R   V30       -0.098     -0.144     -0.212     -0.105      0.637
     A30R   V37        0.150      0.089      0.045      0.104     -0.284
     A36R   V43        0.133      0.054      0.415      0.162     -0.362
     A40    V47        0.065      0.180      0.014      0.106      0.060
     A46R   V53       -0.135     -0.116     -0.198     -0.114      0.628
     A49R   V56        0.080     -0.003      0.404      0.077     -0.368
     A52R   V60        0.077      0.089      0.236      0.116     -0.329
     A59    V67        0.088      0.192      0.045      0.157      0.091
     A61    V69       -0.105     -0.028     -0.285     -0.073      0.813
     A64R   V73        0.242      0.163      0.304      0.257     -0.359
     A67    V76       -0.124     -0.149      0.058     -0.117      0.058
   BAADG2   V89        0.298      0.324      0.279      0.316     -0.249
   BAADG3   V90        0.294      0.333      0.246      0.307     -0.208
   BAADG4   V91        0.262      0.330      0.166      0.282     -0.169
   BAADG5   V92        0.176      0.295      0.191      0.214     -0.186


                       A18R       A19        A22        A25R       A30R  
                        V23        V24        V27        V30        V37 
     A18R   V23        1.730
     A19    V24        0.125      0.704
     A22    V27       -0.494     -0.115      1.570
     A25R   V30       -0.370     -0.143      0.423      1.118
     A30R   V37        0.778      0.136     -0.300     -0.294      1.363
     A36R   V43        0.358      0.129     -0.327     -0.241      0.117
     A40    V47        0.141      0.139     -0.036     -0.051      0.105
     A46R   V53       -0.371     -0.124      0.369      0.730     -0.357
     A49R   V56        0.348      0.084     -0.255     -0.190      0.135
     A52R   V60        1.269      0.092     -0.363     -0.285      0.721
     A59    V67        0.211      0.170     -0.007     -0.038      0.149
     A61    V69       -0.449     -0.093      0.456      0.610     -0.378
     A64R   V73        0.288      0.221     -0.371     -0.233      0.211
     A67    V76       -0.118     -0.097      0.238      0.081     -0.171
   BAADG2   V89        0.246      0.322     -0.164     -0.237      0.074
   BAADG3   V90        0.200      0.325     -0.153     -0.191      0.129
   BAADG4   V91        0.165      0.297     -0.085     -0.132      0.156
   BAADG5   V92        0.221      0.295     -0.080     -0.149      0.174


                       A36R       A40        A46R       A49R       A52R  
                        V43        V47        V53        V56        V60 
     A36R   V43        0.802
     A40    V47        0.047      1.360
     A46R   V53       -0.224     -0.065      1.216
     A49R   V56        0.545      0.034     -0.190      0.815
     A52R   V60        0.358      0.066     -0.306      0.371      1.617
     A59    V67        0.095      1.000     -0.013      0.040      0.168
     A61    V69       -0.357     -0.026      0.657     -0.381     -0.494
     A64R   V73        0.403      0.037     -0.300      0.387      0.268
     A67    V76        0.068      0.156      0.149      0.050     -0.060
   BAADG2   V89        0.349      0.147     -0.225      0.329      0.243
   BAADG3   V90        0.301      0.196     -0.162      0.277      0.196
   BAADG4   V91        0.221      0.161     -0.151      0.206      0.187
   BAADG5   V92        0.210      0.185     -0.124      0.171      0.170


                       A59        A61        A64R       A67      BAADG2  
                        V67        V69        V73        V76        V89 
     A59    V67        1.483
     A61    V69        0.011      1.174
     A64R   V73        0.038     -0.356      0.910
     A67    V76        0.182      0.096     -0.097      0.644
   BAADG2   V89        0.180     -0.213      0.389      0.034      1.092
   BAADG3   V90        0.217     -0.178      0.350      0.042      0.888
   BAADG4   V91        0.215     -0.150      0.280     -0.028      0.699
   BAADG5   V92        0.214     -0.171      0.248      0.010      0.653


                     BAADG3     BAADG4     BAADG5  
                        V90        V91        V92 
   BAADG3   V90        1.017
   BAADG4   V91        0.695      0.911
   BAADG5   V92        0.657      0.685      1.208



  BENTLER-WEEKS STRUCTURAL REPRESENTATION:

        NUMBER OF DEPENDENT VARIABLES = 26
            DEPENDENT V'S :     2    7   10   14   17   23   24   27   30   37
            DEPENDENT V'S :    43   47   53   56   60   67   69   73   76   89
            DEPENDENT V'S :    90   91   92
            DEPENDENT F'S :     2    3    6

        NUMBER OF INDEPENDENT VARIABLES = 29
            INDEPENDENT F'S :     1    4    5
            INDEPENDENT E'S :     2    7   10   14   17   23   24   27   30   37
            INDEPENDENT E'S :    43   47   53   56   60   67   69   73   76   89
            INDEPENDENT E'S :    90   91   92
            INDEPENDENT D'S :     2    3    6

        NUMBER OF FREE PARAMETERS =  58
        NUMBER OF FIXED NONZERO PARAMETERS =  32

 *** WARNING MESSAGES ABOVE, IF ANY, REFER TO THE MODEL PROVIDED.
     CALCULATIONS FOR INDEPENDENCE MODEL NOW BEGIN.

 *** WARNING MESSAGES ABOVE, IF ANY, REFER TO INDEPENDENCE MODEL.
     CALCULATIONS FOR USER'S MODEL NOW BEGIN.


  3RD STAGE OF COMPUTATION REQUIRED   1019341 WORDS OF MEMORY.
  PROGRAM ALLOCATED  90000000 WORDS

  DETERMINANT OF INPUT MATRIX IS   0.55795D-04

  MAXIMUM LIKELIHOOD SOLUTION (NORMAL DISTRIBUTION THEORY)

  FOLLOWING TECHNICAL INFORMATION HAS BEEN STORED IN
 MovieWatch.ETS                                                                                                                                                                                                                                                  

  -----------------------------------------------------------------------------

          TAIL PROBABILITIES NOT APPLICABLE TO THIS ANALYSIS ARE WRITTEN AS -1.
          OTHER STATISTICS WHICH ARE NOT APPLICABLE ARE WRITTEN AS -9.

     SUMMARY SECTION CONTAINS--

          LINE    1 BEGINNING: ANALYSIS ...

          LINE    2 CONTAINING THESE 14 ELEMENTS OF MODEL STATISTICS:

               ESTIMATION METHOD (LS,GLS,ML,ELS,EGLS,ERLS,AGLS,HKGLS,HKRLS)
               CONDITION CODE (0 FOR NORMAL CONDITION)                     
               CONVERGENCE (0 FOR MODEL CONVERGED)                         
               NUMBER OF ITERATIONS FOR CONVERGENCE                        
               DEGREES OF FREEDOM                                          
               NUMBER OF CONSTRAINTS                                       
               DENOMINATOR DEGREES OF FREEDOM FOR F-TESTS                  
               DEGREES OF FREEDOM FOR POTENTIAL STRUCTURED MEANS MODEL TEST
               D.F. FOR MEAN- AND VARIANCE-ADJUSTED CHI-SQUARE             
               D.F. FOR MEAN-SCALED AND SKEWNESS-ADJUSTED STATISTIC        
               NUMBER OF SAMPLES IN ANDERSON-DARLING TEST                  
               D.F. FOR GLS TEST OF HOMOGENEITY OF MEANS                   
               D.F. FOR GLS TEST OF HOMOGENEITY OF COVARIANCE MATRICES     
               D.F. FOR GLS COMBINED TEST OF HOMOGENEITY OF MEANS/COVAS.   

          LINE    3 CONTAINING THESE 10 ELEMENTS OF MODEL STATISTICS:

               TAIL PROBABILITY FOR MODEL CHI-SQUARE                       
               TAIL PROBABILITY FOR RESIDUAL-BASED TEST STATISTIC          
               TAIL PROBABILITY FOR YUAN-BENTLER RESIDUAL-BASED TEST STAT. 
               TAIL PROBABILITY FOR YUAN-BENTLER AGLS F-STATISTIC          
               TAIL PROBABILITY FOR YUAN-BENTLER RESIDUAL-BASED F-STATISTIC
               TAIL PROBABILITY FOR SATORRA-BENTLER SCALED CHI-SQUARE      
               TAIL PROB. FOR YUAN-BENTLER SCALED CHI-SQUARE (CASE ROBUST) 
               TAIL PROBABILITY FOR SCALED CHI-SQUARE (YUAN-BENTLER)       
               TAIL PROBABILITY FOR POTENTIAL STRUCTURED MEANS MODEL       
               TAIL PROB. FOR YUAN-BENTLER CORRECTED AGLS TEST STATISTIC   

          LINE    4 CONTAINING THESE 10 ELEMENTS OF MODEL STATISTICS:

               TAIL PROB. FOR YUAN-BENTLER RESIDUAL-BASED ADF STATISTIC    
               TAIL PROB. FOR YUAN-BENTLER CORRECTED RESID.-BASED ADF STAT.
               TAIL PROB. FOR YUAN-BENTLER RESIDUAL-BASED ADF F-STATISTIC  
               TAIL PROBABILITY FOR MEAN- AND VARIANCE-ADJUSTED CHI-SQUARE 
               TAIL PROBABILITY FOR MEAN-SCALED AND SKEWNESS-ADJUSTED STAT.
               TAIL PROBABILITY FOR ANDERSON-DARLING TEST                  
               TAIL PROBABILITY FOR COMBINED NEYMAN TEST OF UNIFORMITY     
               TAIL PROBABILITY FOR GLS TEST OF HOMOGENEITY OF MEANS       
               TAIL PROB. FOR GLS TEST OF HOMOGENEITY OF COV. MATRICES     
               TAIL PROB. FOR GLS COMBINED TEST OF HOMOGENEITY             

          LINE    5 CONTAINING THESE 10 ELEMENTS OF MODEL STATISTICS:

               INDEPENDENCE MODEL CHI-SQUARE                               
               MODEL CHI-SQUARE                                            
               JORESKOG-SORBOM'S  GFI  FIT INDEX                           
               JORESKOG-SORBOM'S AGFI  FIT INDEX                           
               BOLLEN'S          (IFI) FIT INDEX                           
               MCDONALD'S        (MFI) FIT INDEX                           
               BENTLER-BONETT     NORMED FIT INDEX                         
               BENTLER-BONETT NON-NORMED FIT INDEX                         
               COMPARATIVE FIT INDEX (CFI)                                 
               ROOT MEAN-SQUARE RESIDUAL (RMR)                             

          LINE    6 CONTAINING THESE 10 ELEMENTS OF MODEL STATISTICS:

               STANDARDIZED RMR                                            
               ROOT MEAN-SQUARE ERROR OF APPROXIMATION (RMSEA)             
               CONFIDENCE INTERVAL FOR RMSEA (LOWER BOUND)                 
               CONFIDENCE INTERVAL FOR RMSEA (UPPER BOUND)                 
               RESIDUAL-BASED TEST STATISTIC                               
               YUAN-BENTLER RESIDUAL-BASED TEST STATISTIC                  
               YUAN-BENTLER AGLS F-STATISTIC                               
               YUAN-BENTLER RESIDUAL-BASED F-STATISTIC                     
               AGLS FIT INDEX                                              
               AGLS ADJUSTED FIT INDEX                                     

          LINE    7 CONTAINING THESE 10 ELEMENTS OF MODEL STATISTICS:

               AGLS CORRECTED COMPARATIVE FIT INDEX                        
               CRONBACH'S ALPHA                                            
               COVARIATE-FREE ALPHA                                        
               COVARIATE-BASED ALPHA                                       
               COEFFICIENT ALPHA FOR AN OPTIMAL SHORT SCALE                
               GREATEST LOWER BOUND RELIABILITY                            
               LI-BENTLER CORRECTED GREATEST LOWER BOUND RELIABILITY       
               GLB RELIABILITY FOR AN OPTIMAL SHORT SCALE                  
               BENTLER'S DIMENSION-FREE LOWER BOUND RELIABILITY (BLB)      
               LI-BENTLER CORRECTED DIMENSION-FREE LOWER BOUND RELIABILITY 

          LINE    8 CONTAINING THESE 10 ELEMENTS OF MODEL STATISTICS:

               SHAPIRO'S LOWER BOUND RELIABILITY FOR A WEIGHTED COMPOSITE  
               RELIABILITY COEFFICIENT RHO                                 
               COVARIATE-FREE RHO                                          
               COVARIATE-BASED RHO                                         
               RELIABILITY COEFFICIENT RHO BASED ON BLB LOADINGS           
               COVARIATE-FREE RHO BASED ON BLB LOADINGS                    
               COVARIATE-BASED RHO BASED ON BLB LOADINGS                   
               RELIABILITY COEFFICIENT RHO BASED ON GLB LOADINGS           
               COVARIATE-FREE RHO BASED ON GLB LOADINGS                    
               COVARIATE-BASED RHO BASED ON GLB LOADINGS                   

          LINE    9 CONTAINING THESE 10 ELEMENTS OF MODEL STATISTICS:

               MAXIMAL WEIGHTED INTERNAL CONSISTENCY RELIABILITY           
               SPLIT HALF RELIABILITY LAMBDA4 (0.95)                       
               SPLIT HALF RELIABILITY LAMBDA4 (OPTIMAL)                    
               ROBUST INDEPENDENCE MODEL CHI-SQUARE                        
               SATORRA-BENTLER SCALED CHI-SQUARE                           
               ROBUST  BOLLEN  (IFI) FIT INDEX                             
               ROBUST MCDONALD (MFI) FIT INDEX                             
               ROBUST BENTLER-BONETT     NORMED FIT INDEX                  
               ROBUST BENTLER-BONETT NON-NORMED FIT INDEX                  
               ROBUST COMPARATIVE FIT INDEX                                

          LINE   10 CONTAINING THESE 10 ELEMENTS OF MODEL STATISTICS:

               ROBUST ROOT MEAN-SQUARE ERROR OF APPROXIMATION (RMSEA)      
               CONFIDENCE INTERVAL FOR ROBUST RMSEA (LOWER BOUND)          
               CONFIDENCE INTERVAL FOR ROBUST RMSEA (UPPER BOUND)          
               YUAN-BENTLER SCALED CHI-SQUARE (CASE ROBUST WEIGHTING)      
               SCALED CHI-SQUARE (YUAN-BENTLER)                            
               SCALED (YUAN-BENTLER) INDEPENDENCE MODEL CHI-SQUARE         
               BENTLER-YUAN MODIFIED TEST FOR POTENTIAL STRUC. MEANS MODEL 
               MINIMIZED MODEL FUNCTION VALUE                              
               YUAN-BENTLER CORRECTED AGLS TEST STATISTIC                  
               YUAN-BENTLER RESIDUAL-BASED ADF STATISTIC                   

          LINE   11 CONTAINING THESE 10 ELEMENTS OF MODEL STATISTICS:

               YUAN-BENTLER CORRECTED RESIDUAL-BASED ADF STATISTIC         
               YUAN-BENTLER RESIDUAL-BASED ADF F-STATISTIC                 
               INDEPENDENCE AIC                                            
               INDEPENDENCE CAIC                                           
               MODEL AIC                                                   
               MODEL CAIC                                                  
               ROBUST INDEPENDENCE AIC                                     
               ROBUST INDEPENDENCE CAIC                                    
               ROBUST MODEL AIC                                            
               ROBUST MODEL CAIC                                           

          LINE   12 CONTAINING THESE 10 ELEMENTS OF MODEL STATISTICS:

               AKAIKE INFORMATION CRITERION (AIC) BASED ON LOG LIKELIHOOD  
               BAYESIAN INFORMATION CRITERION (BIC) BASED ON LOG LIKELIHOOD
               MEAN- AND VARIANCE-ADJUSTED CHI-SQUARE                      
               MEAN-SCALED AND SKEWNESS-ADJUSTED STATISTIC                 
               ANDERSON-DARLING NORMALIZED TEST STATISTIC                  
               COMBINED NEYMAN TEST OF UNIFORMITY                          
               USER-DEFINED FUNCTION                                       
               STANDARD ERROR OF USER-DEFINED FUNCTION                     
               CORRECTED STANDARD ERROR OF USER-DEFINED FUNCTION           
               SATORRA-BENTLER SCALING FACTOR                              

          LINE   13 CONTAINING THESE  3 ELEMENTS OF MODEL STATISTICS:

               CHI-SQUARE FOR GLS TEST OF HOMOGENEITY OF MEANS             
               CHI-SQUARE FOR GLS TEST OF HOMOGENEITY OF COV. MATRICES     
               CHI-SQUARE FOR GLS COMBINED TEST OF HOMOGENEITY OF MEANS/COV

          THE LAST THREE STATISTICS ARE FOR MISSING DATA ANALYSIS

          TOTAL NUMBER OF LINES IN SUMMARY SECTION IS: 13

  -----------------------------------------------------------------------------

     INFORMATION SECTION CONTAINS--

          9 NUMBERS ON LINE   14:

               SAMPLE SIZE                                                 
               NUMBER OF MEASURED VARIABLES                                
               NUMBER OF FACTORS                                           
               NUMBER OF MISSINGNESS PATTERNS                              
               KURTOSES: (G2,P) AND NORMALIZED MULTIVARIATE                
               DETERMINANT OF MATRIX TO BE ANALYZED                        
               NUMBER OF INDEPENDENT VARIABLES                             
               NUMBER OF DEPENDENT VARIABLES                               

          PARAMETERS TO BE WRITTEN ARE:

   F1,F1     F4,F1     F4,F4     F5,F1     F5,F4     F5,F5     E2,E2     E7,E7  
  E10,E10   E14,E14   E17,E17   E23,E23   E24,E24   E27,E27   E30,E30   E37,E37 
  E43,E43   E47,E47   E53,E30   E53,E53   E56,E56   E60,E60   E67,E67   E69,E69 
  E73,E73   E76,E76   E89,E89   E90,E90   E91,E91   E92,E92    D2,D2     D3,D3  
   D6,D6     V7,F1    V14,F1    V24,F1    V37,F5    V60,F5    V67,F4    V76,F4  
   F2,F1     F2,F4     F3,F5     F6,F4     F6,F5    V27,F6    V30,F6    V43,F3  
  V53,F6    V56,F3    V69,F6    V73,F3    V90,F2    V91,F2    V92,F2     F2,F6  
   F3,F2     F3,F6  

         58 PARAMETER ESTIMATES ON LINES 15-22
         58 STANDARD ERRORS ON LINES 23-30
         58 ROBUST STANDARD ERRORS ON LINES 31-38
         26 R-SQUARES ON LINES 39-42
         26 MODEL-BASED ESTIMATES OF VAR. STD. DEVS. FOR DEP. VARS. ON LINES 43-46
         29 MODEL-BASED ESTIMATES OF VAR. STD. DEVS. FOR IND. VARS. ON LINES 47-50

          TOTAL NUMBER OF LINES IN INFORMATION SECTION IS:     37

          OUTPUT FORMAT FOR INFORMATION SECTION IS: (8E16.8)

  -----------------------------------------------------------------------------

          TOTAL NUMBER OF LINES PER SET IS:     50
          (SUMMARY SECTION PLUS INFORMATION SECTION(S))

 CODEBOOK FILE HAS BEEN WRITTEN ON FILE
 MovieWatch.CBK                                                                                                                                                                                                                                                  

  MAXIMUM LIKELIHOOD SOLUTION (NORMAL DISTRIBUTION THEORY)

  PARAMETER ESTIMATES APPEAR IN ORDER,
  NO SPECIAL PROBLEMS WERE ENCOUNTERED DURING OPTIMIZATION.



  RESIDUAL COVARIANCE MATRIX  (S-SIGMA) :       


                       A1         A6         A8R        A12        A14   
                        V2         V7         V10        V14        V17 
     A1     V2        -0.000
     A6     V7        -0.020     -0.000
     A8R    V10       -0.078     -0.052      0.004
     A12    V14        0.018     -0.010     -0.048     -0.000
     A14    V17       -0.038      0.004     -0.068     -0.019     -0.000
     A18R   V23       -0.008      0.002     -0.061      0.004      0.107
     A19    V24       -0.002      0.008     -0.029     -0.001     -0.022
     A22    V27       -0.101     -0.119     -0.149     -0.130     -0.048
     A25R   V30       -0.075     -0.120      0.001     -0.078      0.028
     A30R   V37        0.084      0.020     -0.108      0.026     -0.023
     A36R   V43        0.036     -0.048      0.008      0.049      0.003
     A40    V47       -0.032      0.078     -0.024     -0.008      0.040
     A46R   V53       -0.111     -0.091      0.020     -0.086      0.003
     A49R   V56       -0.013     -0.101      0.007     -0.033     -0.013
     A52R   V60       -0.031     -0.024     -0.015     -0.011      0.096
     A59    V67       -0.046      0.051     -0.007     -0.001      0.064
     A61    V69       -0.074      0.005     -0.001     -0.037      0.001
     A64R   V73        0.167      0.084     -0.011      0.169     -0.077
     A67    V76       -0.142     -0.168      0.051     -0.138      0.054
   BAADG2   V89        0.016      0.026      0.041     -0.017     -0.064
   BAADG3   V90        0.016      0.040      0.011     -0.021     -0.026
   BAADG4   V91        0.035      0.090     -0.026      0.014     -0.020
   BAADG5   V92       -0.042      0.065      0.007     -0.043     -0.044


                       A18R       A19        A22        A25R       A30R  
                        V23        V24        V27        V30        V37 
     A18R   V23       -0.000
     A19    V24       -0.009      0.000
     A22    V27       -0.225     -0.094     -0.000
     A25R   V30       -0.024     -0.116      0.061     -0.000
     A30R   V37        0.001      0.058     -0.144     -0.094      0.000
     A36R   V43        0.008      0.016     -0.110      0.039     -0.085
     A40    V47        0.000      0.025     -0.048     -0.066      0.023
     A46R   V53       -0.016     -0.096     -0.003     -0.000     -0.151
     A49R   V56        0.007     -0.026     -0.044      0.083     -0.062
     A52R   V60        0.003     -0.034     -0.110      0.041     -0.011
     A59    V67        0.016      0.012     -0.023     -0.058      0.036
     A61    V69        0.013     -0.057     -0.028     -0.013     -0.110
     A64R   V73        0.017      0.133     -0.203     -0.016      0.054
     A67    V76       -0.144     -0.117      0.236      0.078     -0.186
   BAADG2   V89        0.043     -0.010     -0.054     -0.095     -0.044
   BAADG3   V90       -0.001     -0.002     -0.045     -0.051      0.013
   BAADG4   V91        0.002      0.030      0.004     -0.018      0.061
   BAADG5   V92        0.064      0.038      0.005     -0.040      0.083


                       A36R       A40        A46R       A49R       A52R  
                        V43        V47        V53        V56        V60 
     A36R   V43        0.007
     A40    V47       -0.003      0.000
     A46R   V53        0.064     -0.080     -0.000
     A49R   V56        0.022     -0.015      0.090      0.006
     A52R   V60        0.029     -0.067      0.029      0.051      0.000
     A59    V67        0.026     -0.000     -0.034     -0.027     -0.016
     A61    V69        0.017     -0.046      0.016     -0.016     -0.059
     A64R   V73       -0.013     -0.002     -0.078     -0.018      0.012
     A67    V76        0.059      0.024      0.146      0.041     -0.084
   BAADG2   V89        0.036     -0.011     -0.079      0.023      0.051
   BAADG3   V90       -0.008      0.039     -0.019     -0.024      0.007
   BAADG4   V91       -0.031      0.033     -0.033     -0.040      0.032
   BAADG5   V92       -0.033      0.063     -0.011     -0.065      0.022


                       A59        A61        A64R       A67      BAADG2  
                        V67        V69        V73        V76        V89 
     A59    V67        0.000
     A61    V69       -0.016      0.000
     A64R   V73       -0.016     -0.066      0.004
     A67    V76       -0.000      0.092     -0.104      0.000
   BAADG2   V89       -0.039     -0.024      0.146      0.005      0.011
   BAADG3   V90        0.002      0.009      0.111      0.014      0.023
   BAADG4   V91        0.039      0.003      0.084     -0.051     -0.010
   BAADG5   V92        0.045     -0.025      0.061     -0.013     -0.026


                     BAADG3     BAADG4     BAADG5  
                        V90        V91        V92 
   BAADG3   V90        0.011
   BAADG4   V91       -0.002      0.007
   BAADG5   V92       -0.011      0.139      0.007

                                  AVERAGE ABSOLUTE RESIDUAL =         0.0434
                     AVERAGE OFF-DIAGONAL ABSOLUTE RESIDUAL =         0.0471

  MAXIMUM LIKELIHOOD SOLUTION (NORMAL DISTRIBUTION THEORY)



  STANDARDIZED RESIDUAL MATRIX:                 


                       A1         A6         A8R        A12        A14   
                        V2         V7         V10        V14        V17 
     A1     V2        -0.000
     A6     V7        -0.028     -0.000
     A8R    V10       -0.101     -0.060      0.004
     A12    V14        0.026     -0.012     -0.056     -0.000
     A14    V17       -0.043      0.004     -0.063     -0.019     -0.000
     A18R   V23       -0.008      0.002     -0.048      0.003      0.073
     A19    V24       -0.003      0.010     -0.036     -0.001     -0.024
     A22    V27       -0.102     -0.107     -0.123     -0.117     -0.035
     A25R   V30       -0.089     -0.127      0.001     -0.083      0.024
     A30R   V37        0.091      0.019     -0.096      0.026     -0.018
     A36R   V43        0.051     -0.060      0.009      0.061      0.003
     A40    V47       -0.034      0.075     -0.021     -0.008      0.031
     A46R   V53       -0.126     -0.092      0.019     -0.088      0.003
     A49R   V56       -0.019     -0.126      0.008     -0.041     -0.013
     A52R   V60       -0.030     -0.021     -0.012     -0.010      0.068
     A59    V67       -0.047      0.047     -0.006     -0.001      0.048
     A61    V69       -0.086      0.005     -0.001     -0.038      0.001
     A64R   V73        0.221      0.099     -0.012      0.200     -0.073
     A67    V76       -0.223     -0.234      0.065     -0.193      0.062
   BAADG2   V89        0.019      0.028      0.040     -0.018     -0.056
   BAADG3   V90        0.020      0.044      0.012     -0.024     -0.023
   BAADG4   V91        0.046      0.106     -0.028      0.016     -0.019
   BAADG5   V92       -0.048      0.066      0.006     -0.044     -0.036


                       A18R       A19        A22        A25R       A30R  
                        V23        V24        V27        V30        V37 
     A18R   V23       -0.000
     A19    V24       -0.008      0.000
     A22    V27       -0.137     -0.089     -0.000
     A25R   V30       -0.017     -0.131      0.046     -0.000
     A30R   V37        0.000      0.060     -0.099     -0.076      0.000
     A36R   V43        0.007      0.022     -0.098      0.042     -0.082
     A40    V47        0.000      0.026     -0.033     -0.054      0.017
     A46R   V53       -0.011     -0.104     -0.002     -0.000     -0.117
     A49R   V56        0.006     -0.034     -0.039      0.087     -0.059
     A52R   V60        0.002     -0.032     -0.069      0.030     -0.008
     A59    V67        0.010      0.012     -0.015     -0.045      0.025
     A61    V69        0.009     -0.063     -0.021     -0.012     -0.087
     A64R   V73        0.013      0.166     -0.170     -0.016      0.048
     A67    V76       -0.136     -0.174      0.235      0.092     -0.199
   BAADG2   V89        0.031     -0.011     -0.041     -0.086     -0.036
   BAADG3   V90       -0.001     -0.003     -0.035     -0.048      0.011
   BAADG4   V91        0.001      0.037      0.003     -0.018      0.055
   BAADG5   V92        0.044      0.042      0.003     -0.034      0.065


                       A36R       A40        A46R       A49R       A52R  
                        V43        V47        V53        V56        V60 
     A36R   V43        0.008
     A40    V47       -0.003      0.000
     A46R   V53        0.064     -0.062     -0.000
     A49R   V56        0.028     -0.014      0.090      0.008
     A52R   V60        0.025     -0.045      0.021      0.044      0.000
     A59    V67        0.024     -0.000     -0.026     -0.025     -0.010
     A61    V69        0.017     -0.037      0.014     -0.017     -0.043
     A64R   V73       -0.015     -0.002     -0.074     -0.021      0.010
     A67    V76        0.082      0.025      0.165      0.057     -0.082
   BAADG2   V89        0.038     -0.009     -0.069      0.025      0.039
   BAADG3   V90       -0.009      0.034     -0.017     -0.026      0.005
   BAADG4   V91       -0.037      0.030     -0.032     -0.047      0.027
   BAADG5   V92       -0.033      0.049     -0.009     -0.066      0.016


                       A59        A61        A64R       A67      BAADG2  
                        V67        V69        V73        V76        V89 
     A59    V67        0.000
     A61    V69       -0.012      0.000
     A64R   V73       -0.014     -0.064      0.004
     A67    V76       -0.000      0.106     -0.136      0.000
   BAADG2   V89       -0.031     -0.021      0.147      0.006      0.010
   BAADG3   V90        0.001      0.008      0.115      0.017      0.021
   BAADG4   V91        0.033      0.003      0.093     -0.067     -0.010
   BAADG5   V92        0.034     -0.021      0.058     -0.014     -0.023


                     BAADG3     BAADG4     BAADG5  
                        V90        V91        V92 
   BAADG3   V90        0.011
   BAADG4   V91       -0.002      0.008
   BAADG5   V92       -0.010      0.132      0.006

                     AVERAGE ABSOLUTE STANDARDIZED RESIDUAL =         0.0430
        AVERAGE OFF-DIAGONAL ABSOLUTE STANDARDIZED RESIDUAL =         0.0467


  LARGEST STANDARDIZED RESIDUALS:

      NO.    PARAMETER   ESTIMATE      NO.    PARAMETER   ESTIMATE
      ---    ---------   --------      ---    ---------   --------
       1     V76, V27       0.235      11     V76, V53       0.165
       2     V76, V7       -0.234      12     V89, V73       0.147
       3     V76, V2       -0.223      13     V27, V23      -0.137
       4     V73, V2        0.221      14     V76, V23      -0.136
       5     V73, V14       0.200      15     V76, V73      -0.136
       6     V76, V37      -0.199      16     V92, V91       0.132
       7     V76, V14      -0.193      17     V30, V24      -0.131
       8     V76, V24      -0.174      18     V30, V7       -0.127
       9     V73, V27      -0.170      19     V53, V2       -0.126
      10     V73, V24       0.166      20     V56, V7       -0.126

  MAXIMUM LIKELIHOOD SOLUTION (NORMAL DISTRIBUTION THEORY)



  DISTRIBUTION OF STANDARDIZED RESIDUALS



     ----------------------------------------                     
     !                                      !                     
  140-                                      -                     
     !                 *                    !                     
     !                 *                    !                     
     !                 *                    !                     
     !                 *  *                 !            RANGE      FREQ PERCENT
  105-                 *  *                 -                     
     !                 *  *                 !    1   -0.5  -  --       0   0.00%
     !                 *  *                 !    2   -0.4  -  -0.5     0   0.00%
     !                 *  *                 !    3   -0.3  -  -0.4     0   0.00%
     !                 *  *                 !    4   -0.2  -  -0.3     2   0.72%
   70-                 *  *                 -    5   -0.1  -  -0.2    18   6.52%
     !                 *  *                 !    6    0.0  -  -0.1   131  47.46%
     !                 *  *                 !    7    0.1  -   0.0   115  41.67%
     !                 *  *                 !    8    0.2  -   0.1     8   2.90%
     !                 *  *                 !    9    0.3  -   0.2     2   0.72%
   35-                 *  *                 -    A    0.4  -   0.3     0   0.00%
     !                 *  *                 !    B    0.5  -   0.4     0   0.00%
     !              *  *  *                 !    C     ++  -   0.5     0   0.00%
     !              *  *  *                 !    -------------------------------
     !              *  *  *  *              !            TOTAL       276 100.00%
     ----------------------------------------                     
        1  2  3  4  5  6  7  8  9  A  B  C    EACH "*" REPRESENTS    7 RESIDUALS

  MAXIMUM LIKELIHOOD SOLUTION (NORMAL DISTRIBUTION THEORY)




  GOODNESS OF FIT SUMMARY FOR METHOD = ML    

  INDEPENDENCE MODEL CHI-SQUARE        =    5169.216 ON   253 DEGREES OF FREEDOM

  INDEPENDENCE AIC =    4663.216   INDEPENDENCE CAIC =    3355.834
         MODEL AIC =      83.177          MODEL CAIC =   -1043.341

  LOG LIKELIHOOD BASED ON THE STRUCTURED MODEL                 =       26968.666
  AKAIKE INFORMATION CRITERION (AIC) BASED ON LOG LIKELIHOOD   =       27084.666
  BAYESIAN INFORMATION CRITERION (BIC) BASED ON LOG LIKELIHOOD =       27326.382

  CHI-SQUARE =      519.177 BASED ON     218 DEGREES OF FREEDOM
  PROBABILITY VALUE FOR THE CHI-SQUARE STATISTIC IS      0.00000

  THE NORMAL THEORY RLS CHI-SQUARE FOR THIS ML SOLUTION IS        563.866.
  PROBABILITY VALUE FOR THE CHI-SQUARE STATISTIC IS      0.00000

  FIT INDICES
  -----------
  BENTLER-BONETT     NORMED FIT INDEX =     0.900
  BENTLER-BONETT NON-NORMED FIT INDEX =     0.929
  COMPARATIVE FIT INDEX (CFI)         =     0.939
  BOLLEN'S          (IFI) FIT INDEX   =     0.939
  MCDONALD'S        (MFI) FIT INDEX   =     0.729
  JORESKOG-SORBOM'S  GFI  FIT INDEX   =     0.907
  JORESKOG-SORBOM'S AGFI  FIT INDEX   =     0.882
  ROOT MEAN-SQUARE RESIDUAL (RMR)     =     0.062
  STANDARDIZED RMR                    =     0.064
  ROOT MEAN-SQUARE ERROR OF APPROXIMATION (RMSEA)    =     0.054
  90% CONFIDENCE INTERVAL OF RMSEA  (       0.048,         0.060)

  RELIABILITY COEFFICIENTS
  ------------------------
  CRONBACH'S ALPHA                                   =     0.675
  RELIABILITY COEFFICIENT RHO                        =     0.848

  STANDARDIZED FACTOR LOADINGS FOR THE FACTOR THAT GENERATES
  MAXIMAL RELIABILITY FOR THE UNIT-WEIGHT COMPOSITE

  BASED ON THE MODEL (RHO):
    A1         A6         A8R        A12        A14        A18R       A19   
   0.4914     0.4606     0.2828     0.5182     0.0170     0.4073     0.5469
    A22        A25R       A30R       A36R       A40        A46R       A49R  
   0.0089     0.0430     0.2657     0.4047     0.3681     0.0416     0.3908
    A52R       A59        A61        A64R       A67      BAADG2     BAADG3  
   0.3969     0.4870     0.0177     0.2937     0.0978     0.6713     0.6846
  BAADG4     BAADG5  
   0.5911     0.4915



  GOODNESS OF FIT SUMMARY FOR METHOD = ROBUST

  ROBUST INDEPENDENCE MODEL CHI-SQUARE =    4714.609 ON   253 DEGREES OF FREEDOM

  INDEPENDENCE AIC =    4208.609   INDEPENDENCE CAIC =    2901.227
         MODEL AIC =      48.528          MODEL CAIC =   -1077.991

  SATORRA-BENTLER SCALED CHI-SQUARE =    484.5279 ON     218 DEGREES OF FREEDOM
  PROBABILITY VALUE FOR THE CHI-SQUARE STATISTIC IS      0.00000
  SATORRA-BENTLER SCALING FACTOR      =     0.933

  MEAN- AND VARIANCE-ADJUSTED CHI-SQUARE             =     235.318 ON   106 D.F.
  PROBABILITY VALUE FOR THE CHI-SQUARE STATISTIC IS      0.00000

  RESIDUAL-BASED TEST STATISTIC                      =   807.787
  PROBABILITY VALUE FOR THE CHI-SQUARE STATISTIC IS      0.00000

  YUAN-BENTLER RESIDUAL-BASED TEST STATISTIC         =   299.114
  PROBABILITY VALUE FOR THE CHI-SQUARE STATISTIC IS      0.00022

  YUAN-BENTLER RESIDUAL-BASED F-STATISTIC     =      2.016
  DEGREES OF FREEDOM  =                         218,   259
  PROBABILITY VALUE FOR THE F-STATISTIC IS         0.00000

  FIT INDICES
  -----------
  BENTLER-BONETT     NORMED FIT INDEX =     0.897
  BENTLER-BONETT NON-NORMED FIT INDEX =     0.931
  COMPARATIVE FIT INDEX (CFI)         =     0.940
  BOLLEN'S          (IFI) FIT INDEX   =     0.941
  MCDONALD'S        (MFI) FIT INDEX   =     0.756
  ROOT MEAN-SQUARE ERROR OF APPROXIMATION (RMSEA)    =     0.051
  90% CONFIDENCE INTERVAL OF RMSEA  (       0.045,         0.057)



                         ITERATIVE SUMMARY

                     PARAMETER
  ITERATION          ABS CHANGE         ALPHA                FUNCTION
      1               0.421739         1.00000               7.41703
      2               0.355955         1.00000               5.20049
      3               0.309656         0.50000               3.70930
      4               0.162948         1.00000               2.18392
      5               0.087173         1.00000               1.41591
      6               0.051659         1.00000               1.36616
      7               0.017845         1.00000               1.09948
      8               0.008772         1.00000               1.09107
      9               0.001232         1.00000               1.09072
     10               0.000392         1.00000               1.09071

  MAXIMUM LIKELIHOOD SOLUTION (NORMAL DISTRIBUTION THEORY)


  MEASUREMENT EQUATIONS WITH STANDARD ERRORS AND TEST STATISTICS
  STATISTICS SIGNIFICANT AT THE 5% LEVEL ARE MARKED WITH @.
  (ROBUST STATISTICS IN PARENTHESES)



   A1    =V2  =   1.000 F1    + 1.000 E2  
                                      
                                      
                                                                                
                                                                                

   A6    =V7  =   1.055*F1    + 1.000 E7  
                   .083               
                 12.695@              
               (   .089)                                                        
               ( 11.85@)                                                        

   A8R   =V10 =   1.000 F3    + 1.000 E10 
                                      
                                      
                                                                                
                                                                                

   A12   =V14 =   1.180*F1    + 1.000 E14 
                   .084               
                 14.016@              
               (   .082)                                                        
               ( 14.34@)                                                        

   A14   =V17 =   1.000 F6    + 1.000 E17 
                                      
                                      
                                                                                
                                                                                

   A18R  =V23 =   1.000 F5    + 1.000 E23 
                                      
                                      
                                                                                
                                                                                

   A19   =V24 =   1.176*F1    + 1.000 E24 
                   .081               
                 14.540@              
               (   .086)                                                        
               ( 13.71@)                                                        

   A22   =V27 =    .595*F6    + 1.000 E27 
                   .068               
                  8.792@              
               (   .073)                                                        
               (  8.19@)                                                        

   A25R  =V30 =    .767*F6    + 1.000 E30 
                   .055               
                 13.852@              
               (   .054)                                                        
               ( 14.24@)                                                        

   A30R  =V37 =    .579*F5    + 1.000 E37 
                   .046               
                 12.679@              
               (   .044)                                                        
               ( 13.28@)                                                        

   A36R  =V43 =   1.317*F3    + 1.000 E43 
                   .109               
                 12.109@              
               (   .113)                                                        
               ( 11.63@)                                                        

   A40   =V47 =   1.000 F4    + 1.000 E47 
                                      
                                      
                                                                                
                                                                                



  MEASUREMENT EQUATIONS WITH STANDARD ERRORS AND TEST STATISTICS (CONTINUED)

  MAXIMUM LIKELIHOOD SOLUTION (NORMAL DISTRIBUTION THEORY)
  (ROBUST STATISTICS IN PARENTHESES)

   A46R  =V53 =    .788*F6    + 1.000 E53 
                   .058               
                 13.614@              
               (   .062)                                                        
               ( 12.70@)                                                        

   A49R  =V56 =   1.282*F3    + 1.000 E56 
                   .107               
                 11.952@              
               (   .111)                                                        
               ( 11.58@)                                                        

   A52R  =V60 =    .942*F5    + 1.000 E60 
                   .052               
                 18.077@              
               (   .054)                                                        
               ( 17.60@)                                                        

   A59   =V67 =   1.382*F4    + 1.000 E67 
                   .194               
                  7.115@              
               (   .182)                                                        
               (  7.59@)                                                        

   A61   =V69 =   1.025*F6    + 1.000 E69 
                   .057               
                 17.901@              
               (   .054)                                                        
               ( 19.16@)                                                        

   A64R  =V73 =   1.020*F3    + 1.000 E73 
                   .101               
                 10.056@              
               (   .096)                                                        
               ( 10.62@)                                                        

   A67   =V76 =    .183*F4    + 1.000 E76 
                   .045               
                  4.099@              
               (   .045)                                                        
               (  4.08@)                                                        

 BAADG2  =V89 =   1.000 F2    + 1.000 E89 
                                      
                                      
                                                                                
                                                                                

 BAADG3  =V90 =    .984*F2    + 1.000 E90 
                   .033               
                 29.542@              
               (   .026)                                                        
               ( 37.88@)                                                        

 BAADG4  =V91 =    .805*F2    + 1.000 E91 
                   .036               
                 22.662@              
               (   .034)                                                        
               ( 23.53@)                                                        

 BAADG5  =V92 =    .772*F2    + 1.000 E92 
                   .046               
                 16.804@              
               (   .046)                                                        
               ( 16.78@)                                                        


  MAXIMUM LIKELIHOOD SOLUTION (NORMAL DISTRIBUTION THEORY)


  CONSTRUCT EQUATIONS WITH STANDARD ERRORS AND TEST STATISTICS 
  STATISTICS SIGNIFICANT AT THE 5% LEVEL ARE MARKED WITH @.
  (ROBUST STATISTICS IN PARENTHESES)



    F2   =F2  =   -.204*F6    +  .840*F1    +  .112*F4    + 1.000 D2  
                   .048          .090          .049               
                 -4.272@        9.383@        2.308@              
               (   .051)     (   .085)     (   .049)                            
               ( -4.03@)     (  9.87@)     (  2.28@)                            

    F3   =F3  =    .198*F2    -  .257*F6    +  .081*F5    + 1.000 D3  
                   .030          .038          .025               
                  6.649@       -6.766@        3.247@              
               (   .032)     (   .044)     (   .026)                            
               (  6.11@)     ( -5.80@)     (  3.10@)                            

    F6   =F6  =    .094*F4    -  .346*F5    + 1.000 D6  
                   .051          .041               
                  1.864        -8.336@              
               (   .055)     (   .044)                                          
               (  1.728)     ( -7.81@)                                          


  MAXIMUM LIKELIHOOD SOLUTION (NORMAL DISTRIBUTION THEORY)

  VARIANCES OF INDEPENDENT VARIABLES
  ----------------------------------
  STATISTICS SIGNIFICANT AT THE 5% LEVEL ARE MARKED WITH @.

                  V                                F
                 ---                              ---
                                I F1  -   F1                .316*I              
                                I                           .039 I              
                                I                          8.165@I              
                                I                       (   .037)I              
                                I                       (  8.64@)I              
                                I                                I              
                                I F4  -   F4                .724*I              
                                I                           .124 I              
                                I                          5.824@I              
                                I                       (   .115)I              
                                I                       (  6.32@)I              
                                I                                I              
                                I F5  -   F5               1.343*I              
                                I                           .124 I              
                                I                         10.824@I              
                                I                       (   .106)I              
                                I                       ( 12.66@)I              
                                I                                I              

  MAXIMUM LIKELIHOOD SOLUTION (NORMAL DISTRIBUTION THEORY)

  VARIANCES OF INDEPENDENT VARIABLES
  ----------------------------------
  STATISTICS SIGNIFICANT AT THE 5% LEVEL ARE MARKED WITH @.

                  E                                D
                 ---                              ---
 E2  -  A1                 .315*I D2  -   F2                .587*I              
                           .026 I                           .052 I              
                         12.264@I                         11.335@I              
                       (   .029)I                       (   .051)I              
                       ( 10.70@)I                       ( 11.42@)I              
                                I                                I              
 E7  -  A6                 .447*I D3  -   F3                .169*I              
                           .034 I                           .028 I              
                         12.970@I                          6.002@I              
                       (   .040)I                       (   .030)I              
                       ( 11.15@)I                       (  5.65@)I              
                                I                                I              
 E10 -  A8R                .630*I D6  -   F6                .635*I              
                           .045 I                           .067 I              
                         14.023@I                          9.472@I              
                       (   .066)I                       (   .067)I              
                       (  9.57@)I                       (  9.54@)I              
                                I                                I              
 E14 -  A12                .350*I                                I              
                           .031 I                                I              
                         11.430@I                                I              
                       (   .038)I                                I              
                       (  9.10@)I                                I              
                                I                                I              
 E17 -  A14                .424*I                                I              
                           .042 I                                I              
                         10.141@I                                I              
                       (   .047)I                                I              
                       (  8.96@)I                                I              
                                I                                I              
 E23 -  A18R               .387*I                                I              
                           .064 I                                I              
                          6.055@I                                I              
                       (   .075)I                                I              
                       (  5.16@)I                                I              
                                I                                I              
 E24 -  A19                .267*I                                I              
                           .026 I                                I              
                         10.243@I                                I              
                       (   .034)I                                I              
                       (  7.88@)I                                I              
                                I                                I              
 E27 -  A22               1.289*I                                I              
                           .087 I                                I              
                         14.866@I                                I              
                       (   .078)I                                I              
                       ( 16.47@)I                                I              
                                I                                I              
 E30 -  A25R               .651*I                                I              
                           .049 I                                I              
                         13.420@I                                I              
                       (   .050)I                                I              
                       ( 12.98@)I                                I              
                                I                                I              
 E37 -  A30R               .913*I                                I              
                           .064 I                                I              
                         14.313@I                                I              
                       (   .063)I                                I              
                       ( 14.60@)I                                I              
                                I                                I              
 E43 -  A36R               .259*I                                I              
                           .028 I                                I              
                          9.225@I                                I              
                       (   .034)I                                I              
                       (  7.64@)I                                I              
                                I                                I              
 E47 -  A40                .636*I                                I              
                           .105 I                                I              
                          6.041@I                                I              
                       (   .101)I                                I              
                       (  6.30@)I                                I              
                                I                                I              

  MAXIMUM LIKELIHOOD SOLUTION (NORMAL DISTRIBUTION THEORY)

  VARIANCES OF INDEPENDENT VARIABLES (CONTINUED)
  ----------------------------------------------

 E53 -  A46R               .723*I                                I              
                           .054 I                                I              
                         13.510@I                                I              
                       (   .065)I                                I              
                       ( 11.16@)I                                I              
                                I                                I              
 E56 -  A49R               .300*I                                I              
                           .029 I                                I              
                         10.280@I                                I              
                       (   .032)I                                I              
                       (  9.23@)I                                I              
                                I                                I              
 E60 -  A52R               .425*I                                I              
                           .059 I                                I              
                          7.190@I                                I              
                       (   .080)I                                I              
                       (  5.34@)I                                I              
                                I                                I              
 E67 -  A59                .101*I                                I              
                           .185 I                                I              
                           .546 I                                I              
                       (   .174)I                                I              
                       (   .580)I                                I              
                                I                                I              
 E69 -  A61                .341*I                                I              
                           .039 I                                I              
                          8.705@I                                I              
                       (   .047)I                                I              
                       (  7.22@)I                                I              
                                I                                I              
 E73 -  A64R               .584*I                                I              
                           .042 I                                I              
                         13.848@I                                I              
                       (   .051)I                                I              
                       ( 11.42@)I                                I              
                                I                                I              
 E76 -  A67                .619*I                                I              
                           .040 I                                I              
                         15.352@I                                I              
                       (   .044)I                                I              
                       ( 13.97@)I                                I              
                                I                                I              
 E89 -BAADG2               .201*I                                I              
                           .021 I                                I              
                          9.431@I                                I              
                       (   .028)I                                I              
                       (  7.25@)I                                I              
                                I                                I              
 E90 -BAADG3               .155*I                                I              
                           .019 I                                I              
                          8.140@I                                I              
                       (   .024)I                                I              
                       (  6.48@)I                                I              
                                I                                I              
 E91 -BAADG4               .334*I                                I              
                           .025 I                                I              
                         13.287@I                                I              
                       (   .025)I                                I              
                       ( 13.21@)I                                I              
                                I                                I              
 E92 -BAADG5               .677*I                                I              
                           .047 I                                I              
                         14.484@I                                I              
                       (   .046)I                                I              
                       ( 14.66@)I                                I              
                                I                                I              

  MAXIMUM LIKELIHOOD SOLUTION (NORMAL DISTRIBUTION THEORY)

  COVARIANCES AMONG INDEPENDENT VARIABLES
  ---------------------------------------
  STATISTICS SIGNIFICANT AT THE 5% LEVEL ARE MARKED WITH @.

                  V                                F
                 ---                              ---
                                I F4  -   F4                .097*I              
                                I F1  -   F1                .029 I              
                                I                          3.384@I              
                                I                       (   .028)I              
                                I                       (  3.40@)I              
                                I                                I              
                                I F5  -   F5                .114*I              
                                I F1  -   F1                .036 I              
                                I                          3.175@I              
                                I                       (   .034)I              
                                I                       (  3.37@)I              
                                I                                I              
                                I F5  -   F5                .141*I              
                                I F4  -   F4                .054 I              
                                I                          2.627@I              
                                I                       (   .056)I              
                                I                       (  2.50@)I              
                                I                                I              

  MAXIMUM LIKELIHOOD SOLUTION (NORMAL DISTRIBUTION THEORY)

  COVARIANCES AMONG INDEPENDENT VARIABLES
  ---------------------------------------
  STATISTICS SIGNIFICANT AT THE 5% LEVEL ARE MARKED WITH @.

                  E                                D
                 ---                              ---
 E53 -  A46R               .251*I                                I              
 E30 -  A25R               .040 I                                I              
                          6.337@I                                I              
                       (   .045)I                                I              
                       (  5.61@)I                                I              
                                I                                I              

  MAXIMUM LIKELIHOOD SOLUTION (NORMAL DISTRIBUTION THEORY)


  STANDARDIZED SOLUTION:                                              R-SQUARED



   A1    =V2  =   .708 F1    + .706 E2                                     .501 
   A6    =V7  =   .663*F1    + .748 E7                                     .440 
   A8R   =V10 =   .574 F3    + .819 E10                                    .330 
   A12   =V14 =   .746*F1    + .665 E14                                    .557 
   A14   =V17 =   .807 F6    + .590 E17                                    .652 
   A18R  =V23 =   .881 F5    + .473 E23                                    .776 
   A19   =V24 =   .788*F1    + .616 E24                                    .621 
   A22   =V27 =   .423*F6    + .906 E27                                    .179 
   A25R  =V30 =   .646*F6    + .763 E30                                    .418 
   A30R  =V37 =   .575*F5    + .818 E37                                    .330 
   A36R  =V43 =   .822*F3    + .570 E43                                    .675 
   A40   =V47 =   .730 F4    + .684 E47                                    .532 
   A46R  =V53 =   .637*F6    + .771 E53                                    .405 
   A49R  =V56 =   .793*F3    + .609 E56                                    .629 
   A52R  =V60 =   .859*F5    + .513 E60                                    .737 
   A59   =V67 =   .965*F4    + .261 E67                                    .932 
   A61   =V69 =   .842*F6    + .539 E69                                    .709 
   A64R  =V73 =   .596*F3    + .803 E73                                    .355 
   A67   =V76 =   .194*F4    + .981 E76                                    .038 
 BAADG2  =V89 =   .902 F2    + .432 E89                                    .814 
 BAADG3  =V90 =   .920*F2    + .392 E90                                    .846 
 BAADG4  =V91 =   .794*F2    + .607 E91                                    .631 
 BAADG5  =V92 =   .660*F2    + .751 E92                                    .436 
    F2   =F2  =  -.193*F6    + .504*F1    + .102*F4    + .817 D2           .333 
    F3   =F3  =   .334*F2    - .411*F6    + .170*F5    + .740 D3           .453 
    F6   =F6  =   .090*F4    - .450*F5    + .895 D6                        .199 

  MAXIMUM LIKELIHOOD SOLUTION (NORMAL DISTRIBUTION THEORY)

  CORRELATIONS AMONG INDEPENDENT VARIABLES
  ---------------------------------------

                  V                                F
                 ---                              ---
                                I F4  -   F4                .203*I              
                                I F1  -   F1                     I              
                                I                                I              
                                I F5  -   F5                .175*I              
                                I F1  -   F1                     I              
                                I                                I              
                                I F5  -   F5                .143*I              
                                I F4  -   F4                     I              
                                I                                I              

  MAXIMUM LIKELIHOOD SOLUTION (NORMAL DISTRIBUTION THEORY)

  CORRELATIONS AMONG INDEPENDENT VARIABLES
  ---------------------------------------

                  E                                D
                 ---                              ---
 E53 -  A46R               .365*I                                I              
 E30 -  A25R                    I                                I              
                                I                                I              

  MAXIMUM LIKELIHOOD SOLUTION (NORMAL DISTRIBUTION THEORY)


  WALD TEST (FOR DROPPING PARAMETERS)
  ROBUST INFORMATION MATRIX USED IN THIS WALD TEST          
  MULTIVARIATE WALD TEST BY SIMULTANEOUS PROCESS



         CUMULATIVE MULTIVARIATE STATISTICS              UNIVARIATE INCREMENT
         ----------------------------------              --------------------
                      ROBUST                              ROBUST
  STEP  PARAMETER   CHI-SQUARE  D.F.  PROBABILITY       CHI-SQUARE  PROBABILITY
  ---- -----------  ----------  ----  -----------       ----------  -----------

    1    E67,E67       0.337      1      0.562             0.337       0.562
    2     F6,F4        3.356      2      0.187             3.019       0.082

  MAXIMUM LIKELIHOOD SOLUTION (NORMAL DISTRIBUTION THEORY)


  LAGRANGE MULTIPLIER TEST (FOR ADDING PARAMETERS)


  ORDERED UNIVARIATE TEST STATISTICS:             
                                          HANCOCK          STANDAR-   ROBUST
                             CHI-         218 DF   PARAM.   DIZED    PREDICTED
   NO  CODE   PARAMETER     SQUARE  PROB.  PROB.   CHANGE   CHANGE  RMSEA   CFI
   --  ----   ---------     ------  -----  -----   ------  -------  -----------
    1  2 16       F6,F1      4.230  0.040  1.000   -0.172   -0.343  0.050 0.941
    2  2 22       F6,F2      1.418  0.234  1.000   -0.092   -0.110  0.051 0.940
    3  2 22       F6,F3      1.236  0.266  1.000   -0.412   -0.831  0.051 0.940
    4  2 22       F2,F3      0.566  0.452  1.000    0.152    0.291  0.051 0.940
    5  2 16       F2,F5      0.492  0.483  1.000    0.030    0.027  0.051 0.940
    6  2 10       D6,D2      0.492  0.483  1.000    0.055    0.089  0.051 0.940
    7  2 16       F3,F1      0.287  0.592  1.000   -0.030   -0.096  0.051 0.940
    8  2 10       D3,D2      0.271  0.603  1.000    0.019    0.061  0.051 0.940
    9  2 10       D6,D3      0.003  0.957  1.000    0.011    0.032  0.051 0.940
   10  2 16       F3,F4      0.003  0.957  1.000   -0.002   -0.003  0.051 0.940
   11  2  0      V47,F4      0.000  1.000  1.000    0.000    0.000  0.051 0.940
   12  2  0      V23,F5      0.000  1.000  1.000    0.000    0.000  0.051 0.940
   13  2  0      V10,F3      0.000  1.000  1.000    0.000    0.000  0.051 0.940
   14  2  0      V17,F6      0.000  1.000  1.000    0.000    0.000  0.051 0.940
   15  2  0      V89,F2      0.000  1.000  1.000    0.000    0.000  0.051 0.940
   16  2  0       V2,F1      0.000  1.000  1.000    0.000    0.000  0.051 0.940

 *** NOTE *** IF PREDICTED RMSEA COULD NOT BE CALCULATED, 99.999 IS PRINTED.
              IF PREDICTED  CFI  COULD NOT BE CALCULATED,  9.999 IS PRINTED.

  MAXIMUM LIKELIHOOD SOLUTION (NORMAL DISTRIBUTION THEORY)


  MULTIVARIATE LAGRANGE MULTIPLIER TEST BY SIMULTANEOUS PROCESS IN STAGE  1

  PARAMETER SETS (SUBMATRICES) ACTIVE AT THIS STAGE ARE:

     PDD GFF BFF



      CUMULATIVE MULTIVARIATE STATISTICS      UNIVARIATE INCREMENT
      ----------------------------------      ------------------------------
                                                         HANCOCK'S     ROBUST
                       CHI-                 CHI-         SEQUENTIAL   PREDICTED
 STEP   PARAMETER     SQUARE  D.F. PROB.   SQUARE PROB.  D.F. PROB.  RMSEA   CFI
 ----  ----------     ------  ---- -----   ------ -----  ---- -----  -----------
    1       F6,F1      4.230     1 0.040    4.230 0.040   218 1.000  0.050 0.941

 *** NOTE *** IF PREDICTED RMSEA COULD NOT BE CALCULATED, 99.999 IS PRINTED.
              IF PREDICTED  CFI  COULD NOT BE CALCULATED,  9.999 IS PRINTED.


  LAGRANGE MULTIPLIER TEST (FOR RELEASING CONSTRAINTS)
  ROBUST TEST ON ADDITIONAL CONSTRAINTS


  CONSTRAINTS TO BE RELEASED ARE:                     

  ADDITIONAL CONSTRAINTS ON INDIVIDUAL PARAMETERS:
          CONSTR:    1   (  D3,D2  ) =    0.000
          CONSTR:    2   (  D6,D2  ) =    0.000
          CONSTR:    3   (  D6,D3  ) =    0.000
          CONSTR:    4   (  V2,F1  ) =    1.000
          CONSTR:    5   ( V23,F5  ) =    1.000
          CONSTR:    6   ( V47,F4  ) =    1.000
          CONSTR:    7   (  F2,F5  ) =    0.000
          CONSTR:    8   (  F3,F1  ) =    0.000
          CONSTR:    9   (  F3,F4  ) =    0.000
          CONSTR:   10   (  F6,F1  ) =    0.000
          CONSTR:   11   ( V10,F3  ) =    1.000
          CONSTR:   12   ( V17,F6  ) =    1.000
          CONSTR:   13   ( V89,F2  ) =    1.000
          CONSTR:   14   (  F2,F3  ) =    0.000
          CONSTR:   15   (  F6,F2  ) =    0.000
          CONSTR:   16   (  F6,F3  ) =    0.000


           UNIVARIATE TEST STATISTICS:

   NO    CONSTRAINT    CHI-SQUARE   PROBABILITY   CHANGE
   --    -----------   ----------   -----------   ------

    1    CONSTR:    1       0.209       0.648      0.015
    2    CONSTR:    2       0.464       0.496      0.051
    3    CONSTR:    3       0.003       0.958      0.010
    4    CONSTR:    4   NOT TESTED DUE TO NUMERICAL PROBLEMS.
    5    CONSTR:    5   NOT TESTED DUE TO NUMERICAL PROBLEMS.
    6    CONSTR:    6   NOT TESTED DUE TO NUMERICAL PROBLEMS.
    7    CONSTR:    7       0.464       0.496      0.028
    8    CONSTR:    8       0.242       0.623     -0.025
    9    CONSTR:    9       0.003       0.958     -0.001
   10    CONSTR:   10       3.345       0.067     -0.136
   11    CONSTR:   11   NOT TESTED DUE TO NUMERICAL PROBLEMS.
   12    CONSTR:   12   NOT TESTED DUE TO NUMERICAL PROBLEMS.
   13    CONSTR:   13   NOT TESTED DUE TO NUMERICAL PROBLEMS.
   14    CONSTR:   14       0.422       0.516     -0.113
   15    CONSTR:   15       1.338       0.247      0.087
   16    CONSTR:   16       1.121       0.290      0.374



         CUMULATIVE MULTIVARIATE STATISTICS              UNIVARIATE INCREMENT
         ----------------------------------              --------------------
                      ROBUST                              ROBUST
  STEP  PARAMETER   CHI-SQUARE  D.F.  PROBABILITY       CHI-SQUARE  PROBABILITY
  ---- -----------  ----------  ----  -----------       ----------  -----------

    1  CONSTR:   10     3.345      1      0.067             3.345       0.067
    2  CONSTR:   14     3.762      2      0.152             0.417       0.519
    3  CONSTR:    2     3.863      3      0.277             0.102       0.750
    4  CONSTR:    8     3.928      4      0.416             0.065       0.798


  LAGRANGE MULTIPLIER TEST (FOR ADDING PARAMETERS)


  ORDERED UNIVARIATE TEST STATISTICS:             
                                          HANCOCK          STANDAR-   ROBUST
                             CHI-         218 DF   PARAM.   DIZED    PREDICTED
   NO  CODE   PARAMETER     SQUARE  PROB.  PROB.   CHANGE   CHANGE  RMSEA   CFI
   --  ----   ---------     ------  -----  -----   ------  -------  -----------
    1  2 16       F6,F1      3.345  0.067  1.000   -0.136   -0.388  0.051 0.941
    2  2 22       F6,F2      1.338  0.247  1.000   -0.087   -0.133  0.051 0.940
    3  2 22       F6,F3      1.121  0.290  1.000   -0.374   -0.409  0.051 0.940
    4  2 16       F2,F5      0.464  0.496  1.000    0.028    0.089  0.051 0.940
    5  2 10       D6,D2      0.464  0.496  1.000    0.051    0.108  0.051 0.940
    6  2 22       F2,F3      0.422  0.516  1.000    0.113    0.088  0.051 0.940
    7  2 16       F3,F1      0.242  0.623  1.000   -0.025   -0.057  0.051 0.940
    8  2 10       D3,D2      0.209  0.648  1.000    0.015    0.047  0.051 0.940
    9  2 16       F3,F4      0.003  0.958  1.000   -0.001   -0.002  0.051 0.940
   10  2 10       D6,D3      0.003  0.958  1.000    0.010    0.014  0.051 0.940

 *** NOTE *** IF PREDICTED RMSEA COULD NOT BE CALCULATED, 99.999 IS PRINTED.
              IF PREDICTED  CFI  COULD NOT BE CALCULATED,  9.999 IS PRINTED.


 ***** NONE OF THE UNIVARIATE LAGRANGE MULTIPLIERS IS SIGNIFICANT,
 ***** THE MULTIVARIATE TEST PROCEDURE WILL NOT BE EXECUTED.


  LAGRANGIAN MULTIPLIER TEST REQUIRED   115684 WORDS OF MEMORY.
  PROGRAM ALLOCATES 90000000 WORDS.




 -------------------------------------------------------------------------------
                           E N D    O F    M E T H O D
 -------------------------------------------------------------------------------
1
  today is 2019/07/09
  Execution begins at 10:58:36   
  Execution ends   at 10:58:37   
  Elapsed time =       1.00 seconds 
